# JRE version: OpenJDK Runtime Environment (8.0_242-b01) (build 1.8.0_242-release-1644-b01)
# Java VM: OpenJDK 64-Bit Server VM (25.242-b01 mixed mode windows-amd64 compressed oops)
Heap:
 PSYoungGen      total 450048K, used 277722K [0x00000000d5580000, 0x00000000f3e00000, 0x0000000100000000)
  eden space 417280K, 58% used [0x00000000d5580000,0x00000000e44b9978,0x00000000eed00000)
  from space 32768K, 99% used [0x00000000f1480000,0x00000000f347cf30,0x00000000f3480000)
  to   space 40448K, 0% used [0x00000000eed00000,0x00000000eed00000,0x00000000f1480000)
 ParOldGen       total 200192K, used 50647K [0x0000000080000000, 0x000000008c380000, 0x00000000d5580000)
  object space 200192K, 25% used [0x0000000080000000,0x0000000083175c38,0x000000008c380000)
 Metaspace       used 90842K, capacity 95252K, committed 95528K, reserved 1132544K
  class space    used 12133K, capacity 13062K, committed 13104K, reserved 1048576K
GC Heap History (10 events):
Event: 6.091 GC heap before
{Heap before GC invocations=9 (full 2):
 PSYoungGen      total 236544K, used 223744K [0x00000000d5580000, 0x00000000e4d00000, 0x0000000100000000)
  eden space 223744K, 100% used [0x00000000d5580000,0x00000000e3000000,0x00000000e3000000)
  from space 12800K, 0% used [0x00000000e4080000,0x00000000e4080000,0x00000000e4d00000)
  to   space 14848K, 0% used [0x00000000e3000000,0x00000000e3000000,0x00000000e3e80000)
 ParOldGen       total 134656K, used 15762K [0x0000000080000000, 0x0000000088380000, 0x00000000d5580000)
  object space 134656K, 11% used [0x0000000080000000,0x0000000080f648b8,0x0000000088380000)
 Metaspace       used 51107K, capacity 52902K, committed 53160K, reserved 1095680K
  class space    used 6864K, capacity 7302K, committed 7344K, reserved 1048576K
Event: 6.131 GC heap after
Heap after GC invocations=9 (full 2):
 PSYoungGen      total 238592K, used 14828K [0x00000000d5580000, 0x00000000ed580000, 0x0000000100000000)
  eden space 223744K, 0% used [0x00000000d5580000,0x00000000d5580000,0x00000000e3000000)
  from space 14848K, 99% used [0x00000000e3000000,0x00000000e3e7b310,0x00000000e3e80000)
  to   space 22528K, 0% used [0x00000000ebf80000,0x00000000ebf80000,0x00000000ed580000)
 ParOldGen       total 134656K, used 27094K [0x0000000080000000, 0x0000000088380000, 0x00000000d5580000)
  object space 134656K, 20% used [0x0000000080000000,0x0000000081a75ac8,0x0000000088380000)
 Metaspace       used 51107K, capacity 52902K, committed 53160K, reserved 1095680K
  class space    used 6864K, capacity 7302K, committed 7344K, reserved 1048576K
}
Event: 7.051 GC heap before
{Heap before GC invocations=10 (full 2):
 PSYoungGen      total 238592K, used 116512K [0x00000000d5580000, 0x00000000ed580000, 0x0000000100000000)
  eden space 223744K, 45% used [0x00000000d5580000,0x00000000db8ccfa0,0x00000000e3000000)
  from space 14848K, 99% used [0x00000000e3000000,0x00000000e3e7b310,0x00000000e3e80000)
  to   space 22528K, 0% used [0x00000000ebf80000,0x00000000ebf80000,0x00000000ed580000)
 ParOldGen       total 134656K, used 27094K [0x0000000080000000, 0x0000000088380000, 0x00000000d5580000)
  object space 134656K, 20% used [0x0000000080000000,0x0000000081a75ac8,0x0000000088380000)
 Metaspace       used 56916K, capacity 59048K, committed 59160K, reserved 1099776K
  class space    used 7776K, capacity 8314K, committed 8368K, reserved 1048576K
Event: 7.072 GC heap after
Heap after GC invocations=10 (full 2):
 PSYoungGen      total 366592K, used 22518K [0x00000000d5580000, 0x00000000edc00000, 0x0000000100000000)
  eden space 344064K, 0% used [0x00000000d5580000,0x00000000d5580000,0x00000000ea580000)
  from space 22528K, 99% used [0x00000000ebf80000,0x00000000ed57dac8,0x00000000ed580000)
  to   space 26624K, 0% used [0x00000000ea580000,0x00000000ea580000,0x00000000ebf80000)
 ParOldGen       total 134656K, used 29255K [0x0000000080000000, 0x0000000088380000, 0x00000000d5580000)
  object space 134656K, 21% used [0x0000000080000000,0x0000000081c91ce8,0x0000000088380000)
 Metaspace       used 56916K, capacity 59048K, committed 59160K, reserved 1099776K
  class space    used 7776K, capacity 8314K, committed 8368K, reserved 1048576K
}
Event: 7.072 GC heap before
{Heap before GC invocations=11 (full 3):
 PSYoungGen      total 366592K, used 22518K [0x00000000d5580000, 0x00000000edc00000, 0x0000000100000000)
  eden space 344064K, 0% used [0x00000000d5580000,0x00000000d5580000,0x00000000ea580000)
  from space 22528K, 99% used [0x00000000ebf80000,0x00000000ed57dac8,0x00000000ed580000)
  to   space 26624K, 0% used [0x00000000ea580000,0x00000000ea580000,0x00000000ebf80000)
 ParOldGen       total 134656K, used 29255K [0x0000000080000000, 0x0000000088380000, 0x00000000d5580000)
  object space 134656K, 21% used [0x0000000080000000,0x0000000081c91ce8,0x0000000088380000)
 Metaspace       used 56916K, capacity 59048K, committed 59160K, reserved 1099776K
  class space    used 7776K, capacity 8314K, committed 8368K, reserved 1048576K
Event: 7.263 GC heap after
Heap after GC invocations=11 (full 3):
 PSYoungGen      total 366592K, used 0K [0x00000000d5580000, 0x00000000edc00000, 0x0000000100000000)
  eden space 344064K, 0% used [0x00000000d5580000,0x00000000d5580000,0x00000000ea580000)
  from space 22528K, 0% used [0x00000000ebf80000,0x00000000ebf80000,0x00000000ed580000)
  to   space 26624K, 0% used [0x00000000ea580000,0x00000000ea580000,0x00000000ebf80000)
 ParOldGen       total 200192K, used 37330K [0x0000000080000000, 0x000000008c380000, 0x00000000d5580000)
  object space 200192K, 18% used [0x0000000080000000,0x0000000082474bd0,0x000000008c380000)
 Metaspace       used 56916K, capacity 59048K, committed 59160K, reserved 1099776K
  class space    used 7776K, capacity 8314K, committed 8368K, reserved 1048576K
}
Event: 10.916 GC heap before
{Heap before GC invocations=12 (full 3):
 PSYoungGen      total 366592K, used 344009K [0x00000000d5580000, 0x00000000edc00000, 0x0000000100000000)
  eden space 344064K, 99% used [0x00000000d5580000,0x00000000ea572708,0x00000000ea580000)
  from space 22528K, 0% used [0x00000000ebf80000,0x00000000ebf80000,0x00000000ed580000)
  to   space 26624K, 0% used [0x00000000ea580000,0x00000000ea580000,0x00000000ebf80000)
 ParOldGen       total 200192K, used 37330K [0x0000000080000000, 0x000000008c380000, 0x00000000d5580000)
  object space 200192K, 18% used [0x0000000080000000,0x0000000082474bd0,0x000000008c380000)
 Metaspace       used 68769K, capacity 71702K, committed 71976K, reserved 1112064K
  class space    used 9366K, capacity 10017K, committed 10032K, reserved 1048576K
Event: 10.941 GC heap after
Heap after GC invocations=12 (full 3):
 PSYoungGen      total 370688K, used 26618K [0x00000000d5580000, 0x00000000f3480000, 0x0000000100000000)
  eden space 344064K, 0% used [0x00000000d5580000,0x00000000d5580000,0x00000000ea580000)
  from space 26624K, 99% used [0x00000000ea580000,0x00000000ebf7ebb0,0x00000000ebf80000)
  to   space 32768K, 0% used [0x00000000f1480000,0x00000000f1480000,0x00000000f3480000)
 ParOldGen       total 200192K, used 41973K [0x0000000080000000, 0x000000008c380000, 0x00000000d5580000)
  object space 200192K, 20% used [0x0000000080000000,0x00000000828fd5b8,0x000000008c380000)
 Metaspace       used 68769K, capacity 71702K, committed 71976K, reserved 1112064K
  class space    used 9366K, capacity 10017K, committed 10032K, reserved 1048576K
}
Event: 14.308 GC heap before
{Heap before GC invocations=13 (full 3):
 PSYoungGen      total 370688K, used 370682K [0x00000000d5580000, 0x00000000f3480000, 0x0000000100000000)
  eden space 344064K, 100% used [0x00000000d5580000,0x00000000ea580000,0x00000000ea580000)
  from space 26624K, 99% used [0x00000000ea580000,0x00000000ebf7ebb0,0x00000000ebf80000)
  to   space 32768K, 0% used [0x00000000f1480000,0x00000000f1480000,0x00000000f3480000)
 ParOldGen       total 200192K, used 41973K [0x0000000080000000, 0x000000008c380000, 0x00000000d5580000)
  object space 200192K, 20% used [0x0000000080000000,0x00000000828fd5b8,0x000000008c380000)
 Metaspace       used 85066K, capacity 89266K, committed 89384K, reserved 1126400K
  class space    used 11656K, capacity 12519K, committed 12592K, reserved 1048576K
Event: 14.347 GC heap after
Heap after GC invocations=13 (full 3):
 PSYoungGen      total 450048K, used 32755K [0x00000000d5580000, 0x00000000f3e00000, 0x0000000100000000)
  eden space 417280K, 0% used [0x00000000d5580000,0x00000000d5580000,0x00000000eed00000)
  from space 32768K, 99% used [0x00000000f1480000,0x00000000f347cf30,0x00000000f3480000)
  to   space 40448K, 0% used [0x00000000eed00000,0x00000000eed00000,0x00000000f1480000)
 ParOldGen       total 200192K, used 50647K [0x0000000080000000, 0x000000008c380000, 0x00000000d5580000)
  object space 200192K, 25% used [0x0000000080000000,0x0000000083175c38,0x000000008c380000)
 Metaspace       used 85066K, capacity 89266K, committed 89384K, reserved 1126400K
  class space    used 11656K, capacity 12519K, committed 12592K, reserved 1048576K
}

